----------------------------------------------------------------
Wed Oct 28 10:02:33 IST 2020:
Booting Derby version The Apache Software Foundation - Apache Derby - 10.14.2.0 - (1828579): instance a816c00e-0175-6d7a-9b16-000002b5a030 
on database directory memory:C:\Users\dell\Documents\SpringBootWorkspace\customerMaintainance\635ecb2e-0202-4131-93d6-082fd411732e with class loader jdk.internal.loader.ClassLoaders$AppClassLoader@3b192d32 
Loaded from file:/C:/Users/dell/.m2/repository/org/apache/derby/derby/10.14.2.0/derby-10.14.2.0.jar
java.vendor=Oracle Corporation
java.runtime.version=14.0.2+12-46
user.dir=C:\Users\dell\Documents\SpringBootWorkspace\customerMaintainance
os.name=Windows 10
os.arch=amd64
os.version=10.0
derby.system.home=null
Database Class Loader started - derby.database.classpath=''
----------------------------------------------------------------
Wed Oct 28 10:58:52 IST 2020:
Shutting down instance a816c00e-0175-6d7a-9b16-000002b5a030 on database directory memory:C:\Users\dell\Documents\SpringBootWorkspace\customerMaintainance\635ecb2e-0202-4131-93d6-082fd411732e with class loader jdk.internal.loader.ClassLoaders$AppClassLoader@3b192d32 
----------------------------------------------------------------
Wed Oct 28 10:59:27 IST 2020:
Booting Derby version The Apache Software Foundation - Apache Derby - 10.14.2.0 - (1828579): instance d15980bd-0175-6d7a-9b16-000002b5a030 
on database directory memory:C:\Users\dell\Documents\SpringBootWorkspace\customerMaintainance\1e2bf044-6406-4028-ba46-27195eef06ec with class loader jdk.internal.loader.ClassLoaders$AppClassLoader@3b192d32 
Loaded from file:/C:/Users/dell/.m2/repository/org/apache/derby/derby/10.14.2.0/derby-10.14.2.0.jar
java.vendor=Oracle Corporation
java.runtime.version=14.0.2+12-46
user.dir=C:\Users\dell\Documents\SpringBootWorkspace\customerMaintainance
os.name=Windows 10
os.arch=amd64
os.version=10.0
derby.system.home=null
Database Class Loader started - derby.database.classpath=''
----------------------------------------------------------------
Wed Oct 28 10:59:33 IST 2020:
Shutting down instance d15980bd-0175-6d7a-9b16-000002b5a030 on database directory memory:C:\Users\dell\Documents\SpringBootWorkspace\customerMaintainance\1e2bf044-6406-4028-ba46-27195eef06ec with class loader jdk.internal.loader.ClassLoaders$AppClassLoader@3b192d32 
----------------------------------------------------------------
Wed Oct 28 10:59:36 IST 2020:
Booting Derby version The Apache Software Foundation - Apache Derby - 10.14.2.0 - (1828579): instance 6029c16b-0175-6d7a-9b16-000002b5a030 
on database directory memory:C:\Users\dell\Documents\SpringBootWorkspace\customerMaintainance\13043797-b741-4723-a067-68162f45d8e4 with class loader jdk.internal.loader.ClassLoaders$AppClassLoader@3b192d32 
Loaded from file:/C:/Users/dell/.m2/repository/org/apache/derby/derby/10.14.2.0/derby-10.14.2.0.jar
java.vendor=Oracle Corporation
java.runtime.version=14.0.2+12-46
user.dir=C:\Users\dell\Documents\SpringBootWorkspace\customerMaintainance
os.name=Windows 10
os.arch=amd64
os.version=10.0
derby.system.home=null
Database Class Loader started - derby.database.classpath=''
----------------------------------------------------------------
Wed Oct 28 11:04:10 IST 2020:
Shutting down instance 6029c16b-0175-6d7a-9b16-000002b5a030 on database directory memory:C:\Users\dell\Documents\SpringBootWorkspace\customerMaintainance\13043797-b741-4723-a067-68162f45d8e4 with class loader jdk.internal.loader.ClassLoaders$AppClassLoader@3b192d32 
----------------------------------------------------------------
Wed Oct 28 11:05:11 IST 2020:
Booting Derby version The Apache Software Foundation - Apache Derby - 10.14.2.0 - (1828579): instance 8c8b0219-0175-6d7a-9b16-000002b5a030 
on database directory memory:C:\Users\dell\Documents\SpringBootWorkspace\customerMaintainance\6d47ed8f-2b38-4141-84de-eae5d61f4967 with class loader jdk.internal.loader.ClassLoaders$AppClassLoader@3b192d32 
Loaded from file:/C:/Users/dell/.m2/repository/org/apache/derby/derby/10.14.2.0/derby-10.14.2.0.jar
java.vendor=Oracle Corporation
java.runtime.version=14.0.2+12-46
user.dir=C:\Users\dell\Documents\SpringBootWorkspace\customerMaintainance
os.name=Windows 10
os.arch=amd64
os.version=10.0
derby.system.home=null
Database Class Loader started - derby.database.classpath=''
----------------------------------------------------------------
Wed Oct 28 11:05:15 IST 2020:
Shutting down instance 8c8b0219-0175-6d7a-9b16-000002b5a030 on database directory memory:C:\Users\dell\Documents\SpringBootWorkspace\customerMaintainance\6d47ed8f-2b38-4141-84de-eae5d61f4967 with class loader jdk.internal.loader.ClassLoaders$AppClassLoader@3b192d32 
